10-Dec-2025 10:42:32.692 INFO [main] org.apache.catalina.startup.VersionLoggerListener.log Server version name:   Apache Tomcat/10.1.44
10-Dec-2025 10:42:32.698 INFO [main] org.apache.catalina.startup.VersionLoggerListener.log Server built:          Aug 4 2025 13:14:17 UTC
10-Dec-2025 10:42:32.698 INFO [main] org.apache.catalina.startup.VersionLoggerListener.log Server version number: 10.1.44.0
10-Dec-2025 10:42:32.698 INFO [main] org.apache.catalina.startup.VersionLoggerListener.log OS Name:               Windows 11
10-Dec-2025 10:42:32.698 INFO [main] org.apache.catalina.startup.VersionLoggerListener.log OS Version:            10.0
10-Dec-2025 10:42:32.698 INFO [main] org.apache.catalina.startup.VersionLoggerListener.log Architecture:          amd64
10-Dec-2025 10:42:32.700 INFO [main] org.apache.catalina.startup.VersionLoggerListener.log Java Home:             C:\Program Files\Java\jdk-21
10-Dec-2025 10:42:32.700 INFO [main] org.apache.catalina.startup.VersionLoggerListener.log JVM Version:           21.0.8+12-LTS-250
10-Dec-2025 10:42:32.700 INFO [main] org.apache.catalina.startup.VersionLoggerListener.log JVM Vendor:            Oracle Corporation
10-Dec-2025 10:42:32.700 INFO [main] org.apache.catalina.startup.VersionLoggerListener.log CATALINA_BASE:         C:\SGATR\apache-tomcat-10.1.44\apache-tomcat-10.1.44
10-Dec-2025 10:42:32.700 INFO [main] org.apache.catalina.startup.VersionLoggerListener.log CATALINA_HOME:         C:\SGATR\apache-tomcat-10.1.44\apache-tomcat-10.1.44
10-Dec-2025 10:42:32.766 INFO [main] org.apache.catalina.startup.VersionLoggerListener.log Command line argument: -Djava.util.logging.config.file=C:\SGATR\apache-tomcat-10.1.44\apache-tomcat-10.1.44\conf\logging.properties
10-Dec-2025 10:42:32.766 INFO [main] org.apache.catalina.startup.VersionLoggerListener.log Command line argument: -Djava.util.logging.manager=org.apache.juli.ClassLoaderLogManager
10-Dec-2025 10:42:32.767 INFO [main] org.apache.catalina.startup.VersionLoggerListener.log Command line argument: -Djdk.tls.ephemeralDHKeySize=2048
10-Dec-2025 10:42:32.767 INFO [main] org.apache.catalina.startup.VersionLoggerListener.log Command line argument: -Djava.protocol.handler.pkgs=org.apache.catalina.webresources
10-Dec-2025 10:42:32.767 INFO [main] org.apache.catalina.startup.VersionLoggerListener.log Command line argument: -Dsun.io.useCanonCaches=false
10-Dec-2025 10:42:32.767 INFO [main] org.apache.catalina.startup.VersionLoggerListener.log Command line argument: --add-opens=java.base/java.lang=ALL-UNNAMED
10-Dec-2025 10:42:32.767 INFO [main] org.apache.catalina.startup.VersionLoggerListener.log Command line argument: --add-opens=java.base/java.lang.reflect=ALL-UNNAMED
10-Dec-2025 10:42:32.767 INFO [main] org.apache.catalina.startup.VersionLoggerListener.log Command line argument: --add-opens=java.base/java.io=ALL-UNNAMED
10-Dec-2025 10:42:32.767 INFO [main] org.apache.catalina.startup.VersionLoggerListener.log Command line argument: --add-opens=java.base/java.util=ALL-UNNAMED
10-Dec-2025 10:42:32.767 INFO [main] org.apache.catalina.startup.VersionLoggerListener.log Command line argument: --add-opens=java.base/java.util.concurrent=ALL-UNNAMED
10-Dec-2025 10:42:32.767 INFO [main] org.apache.catalina.startup.VersionLoggerListener.log Command line argument: --add-opens=java.rmi/sun.rmi.transport=ALL-UNNAMED
10-Dec-2025 10:42:32.767 INFO [main] org.apache.catalina.startup.VersionLoggerListener.log Command line argument: -Dcatalina.base=C:\SGATR\apache-tomcat-10.1.44\apache-tomcat-10.1.44
10-Dec-2025 10:42:32.767 INFO [main] org.apache.catalina.startup.VersionLoggerListener.log Command line argument: -Dcatalina.home=C:\SGATR\apache-tomcat-10.1.44\apache-tomcat-10.1.44
10-Dec-2025 10:42:32.768 INFO [main] org.apache.catalina.startup.VersionLoggerListener.log Command line argument: -Djava.io.tmpdir=C:\SGATR\apache-tomcat-10.1.44\apache-tomcat-10.1.44\temp
10-Dec-2025 10:42:32.777 INFO [main] org.apache.catalina.core.AprLifecycleListener.lifecycleEvent The Apache Tomcat Native library which allows using OpenSSL was not found on the java.library.path: [C:\Program Files\Java\jdk-21\bin;C:\WINDOWS\Sun\Java\bin;C:\WINDOWS\system32;C:\WINDOWS;C:\app\mcost\product\21c\dbhomeXE\bin;C:\Program Files\Common Files\Oracle\Java\javapath;C:\Program Files (x86)\Common Files\Oracle\Java\java8path;C:\Windows\system32;C:\Windows;C:\Windows\System32\Wbem;C:\Windows\System32\WindowsPowerShell\v1.0\;C:\Windows\System32\OpenSSH\;C:\Program Files\dotnet\;C:\Program Files (x86)\NVIDIA Corporation\PhysX\Common;C:\Program Files\JetBrains\CLion 2023.3.4\bin\mingw\bin;C:\Program Files\Git\cmd;C:\Program Files\Java\jdk-17\bin;;C:\WINDOWS\system32;C:\WINDOWS;C:\WINDOWS\System32\Wbem;C:\WINDOWS\System32\WindowsPowerShell\v1.0\;C:\WINDOWS\System32\OpenSSH\;C:\Program Files\NVIDIA Corporation\NVIDIA app\NvDLISR;C:\Program Files\nodejs\;C:\Program Files\cursor\resources\app\bin;C:\Users\mcost\AppData\Local\Programs\Python\Python312\Scripts\;C:\Users\mcost\AppData\Local\Programs\Python\Python312\;C:\Users\mcost\AppData\Local\Microsoft\WindowsApps;C:\Program Files\JetBrains\CLion 2023.3.4\bin;;C:\Program Files\JetBrains\PyCharm 2023.3.4\bin;;C:\Program Files\JetBrains\PyCharm Community Edition 2023.3.4\bin;;C:\Users\mcost\AppData\Local\Programs\Microsoft VS Code\bin;C:\texlive\2024\bin\windows;C:\Program Files\Java\jdk-17\bin;C:\Users\mcost\AppData\Roaming\npm;;.]
10-Dec-2025 10:42:33.093 INFO [main] org.apache.coyote.AbstractProtocol.init Initializing ProtocolHandler ["http-nio-8080"]
10-Dec-2025 10:42:33.142 INFO [main] org.apache.catalina.startup.Catalina.load Server initialization in [694] milliseconds
10-Dec-2025 10:42:33.201 INFO [main] org.apache.catalina.core.StandardService.startInternal Starting service [Catalina]
10-Dec-2025 10:42:33.201 INFO [main] org.apache.catalina.core.StandardEngine.startInternal Starting Servlet engine: [Apache Tomcat/10.1.44]
10-Dec-2025 10:42:33.213 INFO [main] org.apache.catalina.startup.HostConfig.deployDescriptor Deploying deployment descriptor [C:\SGATR\apache-tomcat-10.1.44\apache-tomcat-10.1.44\conf\Catalina\localhost\SGATR.xml]
10-Dec-2025 10:42:33.226 WARNING [main] org.apache.catalina.startup.HostConfig.deployDescriptor The path attribute with value [/SGATR] in deployment descriptor [C:\SGATR\apache-tomcat-10.1.44\apache-tomcat-10.1.44\conf\Catalina\localhost\SGATR.xml] has been ignored
10-Dec-2025 10:42:33.775 INFO [main] org.apache.jasper.servlet.TldScanner.scanJars At least one JAR was scanned for TLDs yet contained no TLDs. Enable debug logging for this logger for a complete list of JARs that were scanned but no TLDs were found in them. Skipping unneeded JARs during scanning can improve startup time and JSP compilation time.
10-Dec-2025 10:42:33.840 INFO [main] org.apache.catalina.startup.HostConfig.deployDescriptor Deployment of deployment descriptor [C:\SGATR\apache-tomcat-10.1.44\apache-tomcat-10.1.44\conf\Catalina\localhost\SGATR.xml] has finished in [625] ms
10-Dec-2025 10:42:33.841 INFO [main] org.apache.catalina.startup.HostConfig.deployDirectory Diretório de instalação da aplicação web [C:\SGATR\apache-tomcat-10.1.44\apache-tomcat-10.1.44\webapps\docs]
10-Dec-2025 10:42:34.038 INFO [main] org.apache.jasper.servlet.TldScanner.scanJars At least one JAR was scanned for TLDs yet contained no TLDs. Enable debug logging for this logger for a complete list of JARs that were scanned but no TLDs were found in them. Skipping unneeded JARs during scanning can improve startup time and JSP compilation time.
10-Dec-2025 10:42:34.041 INFO [main] org.apache.catalina.startup.HostConfig.deployDirectory Deployment of web application directory [C:\SGATR\apache-tomcat-10.1.44\apache-tomcat-10.1.44\webapps\docs] has finished in [199] ms
10-Dec-2025 10:42:34.041 INFO [main] org.apache.catalina.startup.HostConfig.deployDirectory Diretório de instalação da aplicação web [C:\SGATR\apache-tomcat-10.1.44\apache-tomcat-10.1.44\webapps\examples]
10-Dec-2025 10:42:34.450 INFO [main] org.apache.jasper.servlet.TldScanner.scanJars At least one JAR was scanned for TLDs yet contained no TLDs. Enable debug logging for this logger for a complete list of JARs that were scanned but no TLDs were found in them. Skipping unneeded JARs during scanning can improve startup time and JSP compilation time.
10-Dec-2025 10:42:34.534 INFO [main] org.apache.catalina.startup.HostConfig.deployDirectory Deployment of web application directory [C:\SGATR\apache-tomcat-10.1.44\apache-tomcat-10.1.44\webapps\examples] has finished in [492] ms
10-Dec-2025 10:42:34.534 INFO [main] org.apache.catalina.startup.HostConfig.deployDirectory Diretório de instalação da aplicação web [C:\SGATR\apache-tomcat-10.1.44\apache-tomcat-10.1.44\webapps\host-manager]
10-Dec-2025 10:42:34.754 INFO [main] org.apache.jasper.servlet.TldScanner.scanJars At least one JAR was scanned for TLDs yet contained no TLDs. Enable debug logging for this logger for a complete list of JARs that were scanned but no TLDs were found in them. Skipping unneeded JARs during scanning can improve startup time and JSP compilation time.
10-Dec-2025 10:42:34.766 INFO [main] org.apache.catalina.startup.HostConfig.deployDirectory Deployment of web application directory [C:\SGATR\apache-tomcat-10.1.44\apache-tomcat-10.1.44\webapps\host-manager] has finished in [232] ms
10-Dec-2025 10:42:34.767 INFO [main] org.apache.catalina.startup.HostConfig.deployDirectory Diretório de instalação da aplicação web [C:\SGATR\apache-tomcat-10.1.44\apache-tomcat-10.1.44\webapps\manager]
10-Dec-2025 10:42:34.935 INFO [main] org.apache.jasper.servlet.TldScanner.scanJars At least one JAR was scanned for TLDs yet contained no TLDs. Enable debug logging for this logger for a complete list of JARs that were scanned but no TLDs were found in them. Skipping unneeded JARs during scanning can improve startup time and JSP compilation time.
10-Dec-2025 10:42:34.937 INFO [main] org.apache.catalina.startup.HostConfig.deployDirectory Deployment of web application directory [C:\SGATR\apache-tomcat-10.1.44\apache-tomcat-10.1.44\webapps\manager] has finished in [171] ms
10-Dec-2025 10:42:34.937 INFO [main] org.apache.catalina.startup.HostConfig.deployDirectory Diretório de instalação da aplicação web [C:\SGATR\apache-tomcat-10.1.44\apache-tomcat-10.1.44\webapps\ROOT]
10-Dec-2025 10:42:35.106 INFO [main] org.apache.jasper.servlet.TldScanner.scanJars At least one JAR was scanned for TLDs yet contained no TLDs. Enable debug logging for this logger for a complete list of JARs that were scanned but no TLDs were found in them. Skipping unneeded JARs during scanning can improve startup time and JSP compilation time.
10-Dec-2025 10:42:35.108 INFO [main] org.apache.catalina.startup.HostConfig.deployDirectory Deployment of web application directory [C:\SGATR\apache-tomcat-10.1.44\apache-tomcat-10.1.44\webapps\ROOT] has finished in [171] ms
10-Dec-2025 10:42:35.112 INFO [main] org.apache.coyote.AbstractProtocol.start Starting ProtocolHandler ["http-nio-8080"]
10-Dec-2025 10:42:35.141 INFO [main] org.apache.catalina.startup.Catalina.start Server startup in [1997] milliseconds
10-Dec-2025 10:54:29.437 INFO [http-nio-8080-exec-9] org.apache.catalina.core.StandardContext.reload Reloading Context with name [/SGATR] has started
10-Dec-2025 10:54:29.675 INFO [http-nio-8080-exec-9] org.apache.jasper.servlet.TldScanner.scanJars At least one JAR was scanned for TLDs yet contained no TLDs. Enable debug logging for this logger for a complete list of JARs that were scanned but no TLDs were found in them. Skipping unneeded JARs during scanning can improve startup time and JSP compilation time.
10-Dec-2025 10:54:29.682 INFO [http-nio-8080-exec-9] org.apache.catalina.core.StandardContext.reload Reloading Context with name [/SGATR] is completed
10-Dec-2025 10:54:29.684 INFO [http-nio-8080-exec-8] org.apache.catalina.core.StandardContext.reload Reloading Context with name [/SGATR] has started
10-Dec-2025 10:54:29.849 INFO [http-nio-8080-exec-8] org.apache.jasper.servlet.TldScanner.scanJars At least one JAR was scanned for TLDs yet contained no TLDs. Enable debug logging for this logger for a complete list of JARs that were scanned but no TLDs were found in them. Skipping unneeded JARs during scanning can improve startup time and JSP compilation time.
10-Dec-2025 10:54:29.856 INFO [http-nio-8080-exec-8] org.apache.catalina.core.StandardContext.reload Reloading Context with name [/SGATR] is completed
10-Dec-2025 10:55:24.738 INFO [http-nio-8080-exec-6] org.apache.catalina.core.StandardContext.reload Reloading Context with name [/SGATR] has started
10-Dec-2025 10:55:24.992 INFO [http-nio-8080-exec-6] org.apache.jasper.servlet.TldScanner.scanJars At least one JAR was scanned for TLDs yet contained no TLDs. Enable debug logging for this logger for a complete list of JARs that were scanned but no TLDs were found in them. Skipping unneeded JARs during scanning can improve startup time and JSP compilation time.
10-Dec-2025 10:55:24.998 INFO [http-nio-8080-exec-6] org.apache.catalina.core.StandardContext.reload Reloading Context with name [/SGATR] is completed
10-Dec-2025 10:55:25.002 INFO [http-nio-8080-exec-1] org.apache.catalina.core.StandardContext.reload Reloading Context with name [/SGATR] has started
10-Dec-2025 10:55:25.239 INFO [http-nio-8080-exec-1] org.apache.jasper.servlet.TldScanner.scanJars At least one JAR was scanned for TLDs yet contained no TLDs. Enable debug logging for this logger for a complete list of JARs that were scanned but no TLDs were found in them. Skipping unneeded JARs during scanning can improve startup time and JSP compilation time.
10-Dec-2025 10:55:25.252 INFO [http-nio-8080-exec-1] org.apache.catalina.core.StandardContext.reload Reloading Context with name [/SGATR] is completed
10-Dec-2025 11:08:56.822 INFO [http-nio-8080-exec-23] org.apache.catalina.core.StandardContext.reload Reloading Context with name [/SGATR] has started
10-Dec-2025 11:08:57.098 INFO [http-nio-8080-exec-23] org.apache.jasper.servlet.TldScanner.scanJars At least one JAR was scanned for TLDs yet contained no TLDs. Enable debug logging for this logger for a complete list of JARs that were scanned but no TLDs were found in them. Skipping unneeded JARs during scanning can improve startup time and JSP compilation time.
10-Dec-2025 11:08:57.107 INFO [http-nio-8080-exec-23] org.apache.catalina.core.StandardContext.reload Reloading Context with name [/SGATR] is completed
10-Dec-2025 11:08:57.110 INFO [http-nio-8080-exec-26] org.apache.catalina.core.StandardContext.reload Reloading Context with name [/SGATR] has started
10-Dec-2025 11:08:57.245 INFO [http-nio-8080-exec-26] org.apache.jasper.servlet.TldScanner.scanJars At least one JAR was scanned for TLDs yet contained no TLDs. Enable debug logging for this logger for a complete list of JARs that were scanned but no TLDs were found in them. Skipping unneeded JARs during scanning can improve startup time and JSP compilation time.
10-Dec-2025 11:08:57.251 INFO [http-nio-8080-exec-26] org.apache.catalina.core.StandardContext.reload Reloading Context with name [/SGATR] is completed
10-Dec-2025 12:01:22.009 INFO [http-nio-8080-exec-39] org.apache.catalina.core.StandardContext.reload Reloading Context with name [/SGATR] has started
10-Dec-2025 12:01:22.347 INFO [http-nio-8080-exec-39] org.apache.jasper.servlet.TldScanner.scanJars At least one JAR was scanned for TLDs yet contained no TLDs. Enable debug logging for this logger for a complete list of JARs that were scanned but no TLDs were found in them. Skipping unneeded JARs during scanning can improve startup time and JSP compilation time.
10-Dec-2025 12:01:22.358 INFO [http-nio-8080-exec-39] org.apache.catalina.core.StandardContext.reload Reloading Context with name [/SGATR] is completed
10-Dec-2025 12:01:22.499 INFO [http-nio-8080-exec-31] org.apache.catalina.core.StandardContext.reload Reloading Context with name [/SGATR] has started
10-Dec-2025 12:01:22.670 INFO [http-nio-8080-exec-31] org.apache.jasper.servlet.TldScanner.scanJars At least one JAR was scanned for TLDs yet contained no TLDs. Enable debug logging for this logger for a complete list of JARs that were scanned but no TLDs were found in them. Skipping unneeded JARs during scanning can improve startup time and JSP compilation time.
10-Dec-2025 12:01:22.675 INFO [http-nio-8080-exec-31] org.apache.catalina.core.StandardContext.reload Reloading Context with name [/SGATR] is completed
10-Dec-2025 12:03:19.121 INFO [main] org.apache.catalina.core.StandardServer.await A valid shutdown command was received via the shutdown port. Stopping the Server instance.
10-Dec-2025 12:03:19.123 INFO [main] org.apache.coyote.AbstractProtocol.pause Pausing ProtocolHandler ["http-nio-8080"]
10-Dec-2025 12:03:19.130 INFO [main] org.apache.catalina.core.StandardService.stopInternal Stopping service [Catalina]
10-Dec-2025 12:03:19.154 INFO [main] org.apache.coyote.AbstractProtocol.stop Stopping ProtocolHandler ["http-nio-8080"]
10-Dec-2025 12:03:19.166 INFO [main] org.apache.coyote.AbstractProtocol.destroy Destroying ProtocolHandler ["http-nio-8080"]
